<?xml version="1.0" encoding="UTF-8"?>
<!-- Generated by org.testng.reporters.JUnitReportReporter -->
<testsuite hostname="DESKTOP-89KQ6QM" failures="0" tests="2" name="mainTest" time="0.890" errors="0" timestamp="2025-02-04T10:54:27 MYT" skipped="0">
  <testcase classname="mainTest" name="tryTest" time="0.886"/>
  <testcase classname="mainTest" name="test_Assert" time="0.004"/>
</testsuite> <!-- mainTest -->
